<?xml version="1.0" encoding="UTF-8"?>
<testng-results skipped="0" failed="0" ignored="0" total="2" passed="2">
  <reporter-output>
  </reporter-output>
  <suite name="mySuite2" duration-ms="121" started-at="2019-03-04T04:13:55Z" finished-at="2019-03-04T04:13:55Z">
    <groups>
    </groups>
    <test name="myTest2" duration-ms="121" started-at="2019-03-04T04:13:55Z" finished-at="2019-03-04T04:13:55Z">
      <class name="testng.Example3">
        <test-method status="PASS" signature="addLocation()[pri:0, instance:testng.Example3@1f13d6e]" name="addLocation" duration-ms="5" started-at="2019-03-04T09:43:55Z" finished-at="2019-03-04T09:43:55Z">
          <reporter-output>
          </reporter-output>
        </test-method> <!-- addLocation -->
      </class> <!-- testng.Example3 -->
      <class name="testng.Example2">
        <test-method status="PASS" signature="deleteEmp()[pri:0, instance:testng.Example2@1d7a715]" name="deleteEmp" duration-ms="26" started-at="2019-03-04T09:43:55Z" finished-at="2019-03-04T09:43:55Z">
          <reporter-output>
          </reporter-output>
        </test-method> <!-- deleteEmp -->
      </class> <!-- testng.Example2 -->
    </test> <!-- myTest2 -->
  </suite> <!-- mySuite2 -->
</testng-results>
