<?xml version="1.0" encoding="UTF-8"?>
<!-- Generated by org.testng.reporters.JUnitXMLReporter -->
<testsuite hostname="classroom-PC" ignored="0" name="myTest1" tests="4" failures="0" timestamp="04 Mar 2019 04:07:52 GMT" time="38.906" errors="0">
  <testcase name="editEmp" time="0.013" classname="testng.Example1"/>
  <testcase name="verifyLogin" time="0.028" classname="testng.Example1"/>
  <testcase name="deleteEmp" time="0.002" classname="testng.Example2"/>
  <testcase name="addEmp" time="17.648" classname="testng.Example1"/>
</testsuite> <!-- myTest1 -->
